[2021-04-15 10:04:21] [[31merror[39m] Errors from server: Invalid object name 'CarRoster'.
[2021-04-15 10:04:53] [[31merror[39m] Errors from server: Invalid object name 'CarRoster'.
[2021-04-15 10:05:11] [[31merror[39m] Errors from server: Invalid object name 'CarRoster'.
[2021-04-15 10:05:20] [[31merror[39m] Errors from server: Invalid object name 'CarRoster'.
[2021-04-15 10:07:17] [[31merror[39m] Errors from server: Invalid object name 'dbo.CarRoster'.
[2021-04-15 10:24:58] [[31merror[39m] Errors from server: Procedure or function 'SP_RegisterCar' expects parameter '@photoUrl', which was not supplied.
[2021-04-15 10:51:21] [[31merror[39m] Errors from server: Procedure or function 'SP_GetCarsByStation' expects parameter '@district', which was not supplied.
[2021-04-15 10:52:48] [[31merror[39m] Errors from server: Procedure or function 'SP_RegisterCar' expects parameter '@standardPricePerKm', which was not supplied.
[2021-04-15 10:57:27] [[31merror[39m] Errors from server: Procedure or function 'SP_GetCarsByStation' expects parameter '@district', which was not supplied.
[2021-04-18 21:16:27] [[31merror[39m] Car service can not connect due to The "config.server" property is required and must be of type string.
[2021-04-19 01:46:56] [[31merror[39m] Car service can not connect due to The "config.server" property is required and must be of type string.
[2021-04-19 01:47:38] [[31merror[39m] Car service can not connect due to The "config.server" property is required and must be of type string.
[2021-04-19 01:48:14] [[31merror[39m] Errors from server: Procedure or function 'SP_GetCarsByStation' expects parameter '@district', which was not supplied.
[2021-04-19 01:48:14] [[31merror[39m] Errors from server: Procedure or function 'SP_GetCarsByStation' expects parameter '@district', which was not supplied.
[2021-04-19 01:48:14] [[31merror[39m] Errors from server: Procedure or function 'SP_GetCarsByStation' expects parameter '@district', which was not supplied.
[2021-04-19 01:51:27] [[31merror[39m] Errors from server: Procedure or function 'SP_GetCarsByStation' expects parameter '@district', which was not supplied.
[2021-04-19 01:51:27] [[31merror[39m] Errors from server: Procedure or function 'SP_GetCarsByStation' expects parameter '@district', which was not supplied.
[2021-04-19 01:51:27] [[31merror[39m] Errors from server: Procedure or function 'SP_GetCarsByStation' expects parameter '@district', which was not supplied.
[2021-04-19 01:54:09] [[31merror[39m] Errors from server: Procedure or function 'SP_GetCarsByStation' expects parameter '@district', which was not supplied.
[2021-04-19 01:54:09] [[31merror[39m] Errors from server: Procedure or function 'SP_GetCarsByStation' expects parameter '@district', which was not supplied.
[2021-04-19 01:54:09] [[31merror[39m] Errors from server: Procedure or function 'SP_GetCarsByStation' expects parameter '@district', which was not supplied.
[2021-04-19 01:56:16] [[31merror[39m] Errors from server: Procedure or function 'SP_GetCarsByStation' expects parameter '@district', which was not supplied.
[2021-04-19 01:56:16] [[31merror[39m] Errors from server: Procedure or function 'SP_GetCarsByStation' expects parameter '@district', which was not supplied.
[2021-04-19 01:56:16] [[31merror[39m] Errors from server: Procedure or function 'SP_GetCarsByStation' expects parameter '@district', which was not supplied.
[2021-04-19 01:57:23] [[31merror[39m] Errors from server: Procedure or function 'SP_GetCarsByStation' expects parameter '@district', which was not supplied.
[2021-04-19 01:57:24] [[31merror[39m] Errors from server: Procedure or function 'SP_GetCarsByStation' expects parameter '@district', which was not supplied.
[2021-04-19 01:57:24] [[31merror[39m] Errors from server: Procedure or function 'SP_RegisterCar' expects parameter '@name', which was not supplied.
[2021-04-19 01:58:41] [[31merror[39m] Errors from server: Procedure or function 'SP_GetCarsByStation' expects parameter '@district', which was not supplied.
[2021-04-19 01:58:41] [[31merror[39m] Errors from server: Procedure or function 'SP_GetCarsByStation' expects parameter '@district', which was not supplied.
[2021-04-19 01:58:41] [[31merror[39m] Errors from server: Procedure or function 'SP_RegisterCar' expects parameter '@name', which was not supplied.
[2021-04-19 01:58:41] [[31merror[39m] Errors from server: Procedure or function 'SP_AddJourney' expects parameter '@placeId', which was not supplied.
[2021-04-19 01:59:43] [[31merror[39m] Errors from server: Procedure or function 'SP_GetCarsByStation' expects parameter '@district', which was not supplied.
[2021-04-19 01:59:43] [[31merror[39m] Errors from server: Procedure or function 'SP_GetCarsByStation' expects parameter '@district', which was not supplied.
[2021-04-19 01:59:43] [[31merror[39m] Errors from server: Procedure or function 'SP_RegisterCar' expects parameter '@name', which was not supplied.
[2021-04-19 01:59:43] [[31merror[39m] Errors from server: Procedure or function 'SP_AddJourney' expects parameter '@placeId', which was not supplied.
[2021-04-19 02:00:02] [[31merror[39m] Errors from server: Procedure or function 'SP_GetCarsByStation' expects parameter '@district', which was not supplied.
[2021-04-19 02:00:02] [[31merror[39m] Errors from server: Procedure or function 'SP_GetCarsByStation' expects parameter '@district', which was not supplied.
[2021-04-19 02:00:02] [[31merror[39m] Errors from server: Procedure or function 'SP_RegisterCar' expects parameter '@name', which was not supplied.
[2021-04-19 02:00:03] [[31merror[39m] Errors from server: Procedure or function 'SP_AddJourney' expects parameter '@placeId', which was not supplied.
[2021-04-19 02:01:29] [[31merror[39m] Errors from server: Procedure or function 'SP_GetCarsByStation' expects parameter '@district', which was not supplied.
[2021-04-19 02:01:29] [[31merror[39m] Errors from server: Procedure or function 'SP_GetCarsByStation' expects parameter '@district', which was not supplied.
[2021-04-19 02:01:29] [[31merror[39m] Errors from server: Procedure or function 'SP_RegisterCar' expects parameter '@name', which was not supplied.
[2021-04-19 02:01:29] [[31merror[39m] Errors from server: Procedure or function 'SP_AddJourney' expects parameter '@placeId', which was not supplied.
[2021-04-19 02:02:48] [[31merror[39m] Errors from server: Procedure or function 'SP_GetCarsByStation' expects parameter '@district', which was not supplied.
[2021-04-19 02:02:48] [[31merror[39m] Errors from server: Procedure or function 'SP_GetCarsByStation' expects parameter '@district', which was not supplied.
[2021-04-19 02:02:48] [[31merror[39m] Errors from server: Procedure or function 'SP_RegisterCar' expects parameter '@name', which was not supplied.
[2021-04-19 02:02:48] [[31merror[39m] Errors from server: Procedure or function 'SP_AddJourney' expects parameter '@placeId', which was not supplied.
[2021-04-19 02:14:36] [[31merror[39m] Errors from server: Procedure or function 'SP_GetCarsByStation' expects parameter '@district', which was not supplied.
[2021-04-19 02:18:02] [[31merror[39m] Errors from server: Procedure or function 'SP_GetCarsByStation' expects parameter '@district', which was not supplied.
